[2026-04-17 00:12:49] 🚀 Roo 长任务循环启动
[2026-04-17 00:12:49] 📋 项目目录: .
[2026-04-17 00:12:49] 📋 任务清单: ./prd.json
[2026-04-17 00:12:49] 📋 Agent: dev
[0;36m
╔══════════════════════════════════════════╗
║   🔄 Roo 长任务循环执行器               ║
║   By Q & N                               ║
╚══════════════════════════════════════════╝
[0m
[2026-04-17 00:12:49] 📊 任务状态: 1/3 done, 2 pending, 0 failed
[1;33m━━━━━━━━━━━━━━━━━━━━━━━━━━━━━━━━━━━━━━━━━━[0m
[0;36m📊 进度: 1/3 done, 2 pending, 0 failed[0m
[2026-04-17 00:12:49] 🔄 第 1 轮 | S002: 对话历史本地持久化
[2026-04-17 00:17:34] 📤 Agent 回复: 先快速完成心跳检查，然后专注 S002。
心跳正常，记忆无紧急事项。现在专注 S002。...
✅ S002 marked done
[2026-04-17 00:17:34] ✅ S002 完成！
[2026-04-17 00:17:34] ⏳ 冷却 3s...
[1;33m━━━━━━━━━━━━━━━━━━━━━━━━━━━━━━━━━━━━━━━━━━[0m
[0;36m📊 进度: 2/3 done, 1 pending, 0 failed[0m
[2026-04-17 00:17:38] 🔄 第 2 轮 | S003: 历史对话列表和切换
[2026-04-17 00:21:45] 📤 Agent 回复: 先读当前代码状态：
代码已读完。需要改动 3 个文件：`ChatHistoryManager.ts`（加 `loadAll`）、`ChatView.ts`（历史按钮+下拉列表+切换逻辑）、`styles.css`（下拉样式）。...
✅ S003 marked done
[2026-04-17 00:21:45] ✅ S003 完成！
[2026-04-17 00:21:45] ⏳ 冷却 3s...
[0;32m
╔══════════════════════════════════════════╗
║   🎉 所有任务已完成！                   ║
╚══════════════════════════════════════════╝
[0m
[2026-04-17 00:21:49] 🎉 全部完成！共 3 轮
[2026-04-17 00:21:49] 📊 最终状态: 3/3 done, 0 pending, 0 failed
[2026-04-17 00:21:49] 📊 最终状态: 3/3 done, 0 pending, 0 failed
[2026-04-17 00:21:49] 🏁 Roo 循环结束
